-------------------------------------------------------------------------------
Test set: com.hauxi.project.springredditclone.SpringRedditCloneApplicationTests
-------------------------------------------------------------------------------
Tests run: 1, Failures: 0, Errors: 1, Skipped: 0, Time elapsed: 37.526 s <<< FAILURE! - in com.hauxi.project.springredditclone.SpringRedditCloneApplicationTests
contextLoads  Time elapsed: 0.001 s  <<< ERROR!
java.lang.IllegalStateException: Failed to load ApplicationContext
Caused by: org.springframework.beans.factory.UnsatisfiedDependencyException: Error creating bean with name 'postController' defined in file [D:\Workspace\RedditCloneNew\spring-reddit-clone\spring-reddit-clone\target\classes\com\hauxi\project\springredditclone\controller\PostController.class]: Unsatisfied dependency expressed through constructor parameter 0; nested exception is org.springframework.beans.factory.UnsatisfiedDependencyException: Error creating bean with name 'postService' defined in file [D:\Workspace\RedditCloneNew\spring-reddit-clone\spring-reddit-clone\target\classes\com\hauxi\project\springredditclone\service\PostService.class]: Unsatisfied dependency expressed through constructor parameter 0; nested exception is org.springframework.beans.factory.BeanCreationException: Error creating bean with name 'postRepository' defined in com.hauxi.project.springredditclone.repository.PostRepository defined in @EnableJpaRepositories declared on JpaRepositoriesRegistrar.EnableJpaRepositoriesConfiguration: Invocation of init method failed; nested exception is java.lang.IllegalArgumentException: Failed to create query for method public abstract java.util.List com.hauxi.project.springredditclone.repository.PostRepository.findAllBySubreddit(com.hauxi.project.springredditclone.model.SubReddit)! No property subreddit found for type Post! Did you mean 'subReddit'?
Caused by: org.springframework.beans.factory.UnsatisfiedDependencyException: Error creating bean with name 'postService' defined in file [D:\Workspace\RedditCloneNew\spring-reddit-clone\spring-reddit-clone\target\classes\com\hauxi\project\springredditclone\service\PostService.class]: Unsatisfied dependency expressed through constructor parameter 0; nested exception is org.springframework.beans.factory.BeanCreationException: Error creating bean with name 'postRepository' defined in com.hauxi.project.springredditclone.repository.PostRepository defined in @EnableJpaRepositories declared on JpaRepositoriesRegistrar.EnableJpaRepositoriesConfiguration: Invocation of init method failed; nested exception is java.lang.IllegalArgumentException: Failed to create query for method public abstract java.util.List com.hauxi.project.springredditclone.repository.PostRepository.findAllBySubreddit(com.hauxi.project.springredditclone.model.SubReddit)! No property subreddit found for type Post! Did you mean 'subReddit'?
Caused by: org.springframework.beans.factory.BeanCreationException: Error creating bean with name 'postRepository' defined in com.hauxi.project.springredditclone.repository.PostRepository defined in @EnableJpaRepositories declared on JpaRepositoriesRegistrar.EnableJpaRepositoriesConfiguration: Invocation of init method failed; nested exception is java.lang.IllegalArgumentException: Failed to create query for method public abstract java.util.List com.hauxi.project.springredditclone.repository.PostRepository.findAllBySubreddit(com.hauxi.project.springredditclone.model.SubReddit)! No property subreddit found for type Post! Did you mean 'subReddit'?
Caused by: java.lang.IllegalArgumentException: Failed to create query for method public abstract java.util.List com.hauxi.project.springredditclone.repository.PostRepository.findAllBySubreddit(com.hauxi.project.springredditclone.model.SubReddit)! No property subreddit found for type Post! Did you mean 'subReddit'?
Caused by: org.springframework.data.mapping.PropertyReferenceException: No property subreddit found for type Post! Did you mean 'subReddit'?

